2021-04-18 20:44:11,645 [Worker-4: Loading available Gradle versions] INFO  o.e.b.c.i.u.g.PublishedGradleVersions - Gradle version information cache is up-to-date. Trying to read.
2021-04-18 20:44:34,152 [Worker-1: Building] INFO  o.e.m.c.i.l.LifecycleMappingFactory - Using org.eclipse.m2e.jdt.JarLifecycleMapping lifecycle mapping for MavenProject: ChatBot:assignment3:0.0.1-SNAPSHOT @ C:\Users\SAINT\Desktop\310 Project\AssignmentTwo-main\assignment2\pom.xml.
2021-04-18 20:44:34,152 [Worker-7: Updating Maven Dependencies] INFO  o.e.m.c.i.l.LifecycleMappingFactory - Using org.eclipse.m2e.jdt.JarLifecycleMapping lifecycle mapping for MavenProject: ChatBot:assignment3:0.0.1-SNAPSHOT @ C:\Users\SAINT\Desktop\310 Project\AssignmentTwo-main\assignment2\pom.xml.
2021-04-18 20:44:35,190 [Worker-1: Building] WARN  o.e.m.c.i.embedder.EclipseLogger - Using platform encoding (Cp1252 actually) to copy filtered resources, i.e. build is platform dependent!
2021-04-18 20:44:35,191 [Worker-1: Building] INFO  o.e.m.c.i.embedder.EclipseLogger - skip non existing resourceDirectory C:\Users\SAINT\Desktop\310 Project\AssignmentTwo-main\assignment2\src\main\resources
2021-04-18 20:44:35,194 [Worker-1: Building] WARN  o.e.m.c.i.embedder.EclipseLogger - Using platform encoding (Cp1252 actually) to copy filtered resources, i.e. build is platform dependent!
2021-04-18 20:44:35,196 [Worker-1: Building] INFO  o.e.m.c.i.embedder.EclipseLogger - skip non existing resourceDirectory C:\Users\SAINT\Desktop\310 Project\AssignmentTwo-main\assignment2\src\test\resources
2021-04-18 20:44:37,175 [Worker-8: Updating Maven Dependencies] INFO  o.e.m.c.i.l.LifecycleMappingFactory - Using org.eclipse.m2e.jdt.JarLifecycleMapping lifecycle mapping for MavenProject: ChatBot:assignment3:0.0.1-SNAPSHOT @ C:\Users\SAINT\Desktop\310 Project\AssignmentTwo-main\assignment2\pom.xml.
2021-04-18 20:44:37,874 [Worker-11: Building] WARN  o.e.m.c.i.embedder.EclipseLogger - Using platform encoding (Cp1252 actually) to copy filtered resources, i.e. build is platform dependent!
2021-04-18 20:44:37,875 [Worker-11: Building] INFO  o.e.m.c.i.embedder.EclipseLogger - skip non existing resourceDirectory C:\Users\SAINT\Desktop\310 Project\AssignmentTwo-main\assignment2\src\main\resources
2021-04-18 20:44:37,877 [Worker-11: Building] WARN  o.e.m.c.i.embedder.EclipseLogger - Using platform encoding (Cp1252 actually) to copy filtered resources, i.e. build is platform dependent!
2021-04-18 20:44:37,879 [Worker-11: Building] INFO  o.e.m.c.i.embedder.EclipseLogger - skip non existing resourceDirectory C:\Users\SAINT\Desktop\310 Project\AssignmentTwo-main\assignment2\src\test\resources
2021-04-18 20:44:39,282 [Worker-8: Building] WARN  o.e.m.c.i.embedder.EclipseLogger - Using platform encoding (Cp1252 actually) to copy filtered resources, i.e. build is platform dependent!
2021-04-18 20:44:39,283 [Worker-8: Building] INFO  o.e.m.c.i.embedder.EclipseLogger - skip non existing resourceDirectory C:\Users\SAINT\Desktop\310 Project\AssignmentTwo-main\assignment2\src\main\resources
2021-04-18 20:44:39,284 [Worker-8: Building] WARN  o.e.m.c.i.embedder.EclipseLogger - Using platform encoding (Cp1252 actually) to copy filtered resources, i.e. build is platform dependent!
2021-04-18 20:44:39,285 [Worker-8: Building] INFO  o.e.m.c.i.embedder.EclipseLogger - skip non existing resourceDirectory C:\Users\SAINT\Desktop\310 Project\AssignmentTwo-main\assignment2\src\test\resources
2021-04-19 13:46:18,928 [Worker-0: Loading available Gradle versions] INFO  o.e.b.c.i.u.g.PublishedGradleVersions - Gradle version information cache is up-to-date. Trying to read.
2021-04-19 15:20:41,835 [Worker-15: Launching Main] WARN  o.e.m.c.i.embedder.EclipseLogger - Using platform encoding (Cp1252 actually) to copy filtered resources, i.e. build is platform dependent!
2021-04-19 15:20:41,837 [Worker-15: Launching Main] INFO  o.e.m.c.i.embedder.EclipseLogger - skip non existing resourceDirectory C:\Users\SAINT\Desktop\310 Project\AssignmentTwo-main\assignment2\src\main\resources
2021-04-19 15:20:41,839 [Worker-15: Launching Main] WARN  o.e.m.c.i.embedder.EclipseLogger - Using platform encoding (Cp1252 actually) to copy filtered resources, i.e. build is platform dependent!
2021-04-19 15:20:41,841 [Worker-15: Launching Main] INFO  o.e.m.c.i.embedder.EclipseLogger - skip non existing resourceDirectory C:\Users\SAINT\Desktop\310 Project\AssignmentTwo-main\assignment2\src\test\resources
2021-04-19 15:22:33,879 [Worker-7: Launching Main] WARN  o.e.m.c.i.embedder.EclipseLogger - Using platform encoding (Cp1252 actually) to copy filtered resources, i.e. build is platform dependent!
2021-04-19 15:22:33,880 [Worker-7: Launching Main] INFO  o.e.m.c.i.embedder.EclipseLogger - skip non existing resourceDirectory C:\Users\SAINT\Desktop\310 Project\AssignmentTwo-main\assignment2\src\main\resources
2021-04-19 15:22:33,881 [Worker-7: Launching Main] WARN  o.e.m.c.i.embedder.EclipseLogger - Using platform encoding (Cp1252 actually) to copy filtered resources, i.e. build is platform dependent!
2021-04-19 15:22:33,882 [Worker-7: Launching Main] INFO  o.e.m.c.i.embedder.EclipseLogger - skip non existing resourceDirectory C:\Users\SAINT\Desktop\310 Project\AssignmentTwo-main\assignment2\src\test\resources
2021-04-19 15:22:44,372 [Worker-15: Launching Main] WARN  o.e.m.c.i.embedder.EclipseLogger - Using platform encoding (Cp1252 actually) to copy filtered resources, i.e. build is platform dependent!
2021-04-19 15:22:44,373 [Worker-15: Launching Main] INFO  o.e.m.c.i.embedder.EclipseLogger - skip non existing resourceDirectory C:\Users\SAINT\Desktop\310 Project\AssignmentTwo-main\assignment2\src\main\resources
2021-04-19 15:22:44,374 [Worker-15: Launching Main] WARN  o.e.m.c.i.embedder.EclipseLogger - Using platform encoding (Cp1252 actually) to copy filtered resources, i.e. build is platform dependent!
2021-04-19 15:22:44,375 [Worker-15: Launching Main] INFO  o.e.m.c.i.embedder.EclipseLogger - skip non existing resourceDirectory C:\Users\SAINT\Desktop\310 Project\AssignmentTwo-main\assignment2\src\test\resources
2021-04-19 15:23:15,589 [Worker-9: Launching Main] WARN  o.e.m.c.i.embedder.EclipseLogger - Using platform encoding (Cp1252 actually) to copy filtered resources, i.e. build is platform dependent!
2021-04-19 15:23:15,590 [Worker-9: Launching Main] INFO  o.e.m.c.i.embedder.EclipseLogger - skip non existing resourceDirectory C:\Users\SAINT\Desktop\310 Project\AssignmentTwo-main\assignment2\src\main\resources
2021-04-19 15:23:15,591 [Worker-9: Launching Main] WARN  o.e.m.c.i.embedder.EclipseLogger - Using platform encoding (Cp1252 actually) to copy filtered resources, i.e. build is platform dependent!
2021-04-19 15:23:15,592 [Worker-9: Launching Main] INFO  o.e.m.c.i.embedder.EclipseLogger - skip non existing resourceDirectory C:\Users\SAINT\Desktop\310 Project\AssignmentTwo-main\assignment2\src\test\resources
2021-04-19 15:23:50,037 [Worker-9: Launching Main] WARN  o.e.m.c.i.embedder.EclipseLogger - Using platform encoding (Cp1252 actually) to copy filtered resources, i.e. build is platform dependent!
2021-04-19 15:23:50,038 [Worker-9: Launching Main] INFO  o.e.m.c.i.embedder.EclipseLogger - skip non existing resourceDirectory C:\Users\SAINT\Desktop\310 Project\AssignmentTwo-main\assignment2\src\main\resources
2021-04-19 15:23:50,040 [Worker-9: Launching Main] WARN  o.e.m.c.i.embedder.EclipseLogger - Using platform encoding (Cp1252 actually) to copy filtered resources, i.e. build is platform dependent!
2021-04-19 15:23:50,041 [Worker-9: Launching Main] INFO  o.e.m.c.i.embedder.EclipseLogger - skip non existing resourceDirectory C:\Users\SAINT\Desktop\310 Project\AssignmentTwo-main\assignment2\src\test\resources
2021-04-19 15:24:16,790 [Worker-14: Launching Main] WARN  o.e.m.c.i.embedder.EclipseLogger - Using platform encoding (Cp1252 actually) to copy filtered resources, i.e. build is platform dependent!
2021-04-19 15:24:16,792 [Worker-14: Launching Main] INFO  o.e.m.c.i.embedder.EclipseLogger - skip non existing resourceDirectory C:\Users\SAINT\Desktop\310 Project\AssignmentTwo-main\assignment2\src\main\resources
2021-04-19 15:24:16,793 [Worker-14: Launching Main] WARN  o.e.m.c.i.embedder.EclipseLogger - Using platform encoding (Cp1252 actually) to copy filtered resources, i.e. build is platform dependent!
2021-04-19 15:24:16,794 [Worker-14: Launching Main] INFO  o.e.m.c.i.embedder.EclipseLogger - skip non existing resourceDirectory C:\Users\SAINT\Desktop\310 Project\AssignmentTwo-main\assignment2\src\test\resources
2021-04-19 15:36:47,189 [Worker-0: Loading available Gradle versions] INFO  o.e.b.c.i.u.g.PublishedGradleVersions - Gradle version information cache is up-to-date. Trying to read.
2021-04-19 15:38:08,041 [Worker-2: Building] WARN  o.e.m.c.i.embedder.EclipseLogger - Using platform encoding (Cp1252 actually) to copy filtered resources, i.e. build is platform dependent!
2021-04-19 15:38:08,043 [Worker-2: Building] INFO  o.e.m.c.i.embedder.EclipseLogger - skip non existing resourceDirectory C:\Users\SAINT\Desktop\310 Project\AssignmentTwo-main\assignment2\src\main\resources
2021-04-19 15:38:08,045 [Worker-2: Building] WARN  o.e.m.c.i.embedder.EclipseLogger - Using platform encoding (Cp1252 actually) to copy filtered resources, i.e. build is platform dependent!
2021-04-19 15:38:08,046 [Worker-2: Building] INFO  o.e.m.c.i.embedder.EclipseLogger - skip non existing resourceDirectory C:\Users\SAINT\Desktop\310 Project\AssignmentTwo-main\assignment2\src\test\resources
